<?xml version="1.0" encoding="UTF-8"?>
<testng-results ignored="0" total="1" passed="1" failed="0" skipped="0">
  <reporter-output>
  </reporter-output>
  <suite started-at="2022-10-14T12:31:10 IST" name="test.HotelAppTest" finished-at="2022-10-14T12:31:18 IST" duration-ms="7919">
    <groups>
    </groups>
    <test started-at="2022-10-14T12:31:10 IST" name="Command line test" finished-at="2022-10-14T12:31:18 IST" duration-ms="7919">
      <class name="test.HotelAppTest">
        <test-method is-config="true" signature="beforeTest()[pri:0, instance:test.HotelAppTest@55ca8de8]" started-at="2022-10-14T12:31:10 IST" name="beforeTest" finished-at="2022-10-14T12:31:18 IST" duration-ms="7438" status="PASS">
          <reporter-output>
          </reporter-output>
        </test-method> <!-- beforeTest -->
        <test-method signature="f()[pri:0, instance:test.HotelAppTest@55ca8de8]" started-at="2022-10-14T12:31:18 IST" name="f" finished-at="2022-10-14T12:31:18 IST" duration-ms="3" status="PASS">
          <reporter-output>
          </reporter-output>
        </test-method> <!-- f -->
        <test-method is-config="true" signature="afterTest()[pri:0, instance:test.HotelAppTest@55ca8de8]" started-at="2022-10-14T12:31:18 IST" name="afterTest" finished-at="2022-10-14T12:31:18 IST" duration-ms="343" status="PASS">
          <reporter-output>
          </reporter-output>
        </test-method> <!-- afterTest -->
      </class> <!-- test.HotelAppTest -->
    </test> <!-- Command line test -->
  </suite> <!-- test.HotelAppTest -->
</testng-results>
