<?xml version="1.0" encoding="UTF-8"?>
<testng-results ignored="0" total="3" passed="3" failed="0" skipped="0">
  <reporter-output>
    <line>
      <![CDATA[This is login test]]>
    </line>
    <line>
      <![CDATA[This is searching hotel in specified location]]>
    </line>
    <line>
      <![CDATA[This is selecting hotel in specified location]]>
    </line>
  </reporter-output>
  <suite started-at="2022-10-20T10:56:09 IST" name="Suite" finished-at="2022-10-20T10:56:55 IST" duration-ms="46633">
    <groups>
    </groups>
    <test started-at="2022-10-20T10:56:09 IST" name="Test" finished-at="2022-10-20T10:56:55 IST" duration-ms="46633">
      <class name="test.HotelAppTest">
        <test-method is-config="true" signature="beforeTest()[pri:0, instance:test.HotelAppTest@72d1ad2e]" started-at="2022-10-20T10:56:09 IST" name="beforeTest" finished-at="2022-10-20T10:56:17 IST" duration-ms="8092" status="PASS">
          <reporter-output>
          </reporter-output>
        </test-method> <!-- beforeTest -->
        <test-method signature="f()[pri:0, instance:test.HotelAppTest@72d1ad2e]" started-at="2022-10-20T10:56:27 IST" name="f" finished-at="2022-10-20T10:56:30 IST" duration-ms="3721" status="PASS">
          <reporter-output>
            <line>
              <![CDATA[This is login test]]>
            </line>
          </reporter-output>
        </test-method> <!-- f -->
        <test-method is-config="true" signature="afterTest()[pri:0, instance:test.HotelAppTest@72d1ad2e]" started-at="2022-10-20T10:56:54 IST" name="afterTest" finished-at="2022-10-20T10:56:55 IST" duration-ms="319" status="PASS">
          <reporter-output>
          </reporter-output>
        </test-method> <!-- afterTest -->
      </class> <!-- test.HotelAppTest -->
      <class name="test.SearchHotelTest">
        <test-method is-config="true" signature="beforeTest()[pri:0, instance:test.SearchHotelTest@1189dd52]" started-at="2022-10-20T10:56:17 IST" name="beforeTest" finished-at="2022-10-20T10:56:22 IST" duration-ms="4864" status="PASS">
          <reporter-output>
          </reporter-output>
        </test-method> <!-- beforeTest -->
        <test-method signature="f()[pri:0, instance:test.SearchHotelTest@1189dd52]" started-at="2022-10-20T10:56:30 IST" name="f" finished-at="2022-10-20T10:56:40 IST" duration-ms="9374" status="PASS">
          <reporter-output>
            <line>
              <![CDATA[This is searching hotel in specified location]]>
            </line>
          </reporter-output>
        </test-method> <!-- f -->
        <test-method is-config="true" signature="afterTest()[pri:0, instance:test.SearchHotelTest@1189dd52]" started-at="2022-10-20T10:56:55 IST" name="afterTest" finished-at="2022-10-20T10:56:55 IST" duration-ms="311" status="PASS">
          <reporter-output>
          </reporter-output>
        </test-method> <!-- afterTest -->
      </class> <!-- test.SearchHotelTest -->
      <class name="test.SelectHotelTest">
        <test-method is-config="true" signature="beforeTest()[pri:0, instance:test.SelectHotelTest@36bc55de]" started-at="2022-10-20T10:56:22 IST" name="beforeTest" finished-at="2022-10-20T10:56:26 IST" duration-ms="4692" status="PASS">
          <reporter-output>
          </reporter-output>
        </test-method> <!-- beforeTest -->
        <test-method signature="f()[pri:0, instance:test.SelectHotelTest@36bc55de]" started-at="2022-10-20T10:56:40 IST" name="f" finished-at="2022-10-20T10:56:54 IST" duration-ms="14801" status="PASS">
          <reporter-output>
            <line>
              <![CDATA[This is selecting hotel in specified location]]>
            </line>
          </reporter-output>
        </test-method> <!-- f -->
        <test-method is-config="true" signature="afterTest()[pri:0, instance:test.SelectHotelTest@36bc55de]" started-at="2022-10-20T10:56:55 IST" name="afterTest" finished-at="2022-10-20T10:56:55 IST" duration-ms="321" status="PASS">
          <reporter-output>
          </reporter-output>
        </test-method> <!-- afterTest -->
      </class> <!-- test.SelectHotelTest -->
    </test> <!-- Test -->
  </suite> <!-- Suite -->
</testng-results>
